2023-03-07 00:01:03.266 INFO [http-nio-8080-exec-1] com.maybank.assessment.service.LoggingService - log Request: REQUEST method = [GET] path = [/swagger-ui/index.html] 
2023-03-07 00:01:03.429 INFO [http-nio-8080-exec-2] com.maybank.assessment.service.LoggingService - log Request: REQUEST method = [GET] path = [/swagger-resources/configuration/ui] 
2023-03-07 00:01:03.481 INFO [http-nio-8080-exec-2] com.maybank.assessment.service.LoggingService - log Response: RESPONSE  method = [GET] responseBody = [springfox.documentation.swagger.web.UiConfiguration@5ec7300d]
2023-03-07 00:01:03.528 INFO [http-nio-8080-exec-3] com.maybank.assessment.service.LoggingService - log Request: REQUEST method = [GET] path = [/swagger-resources/configuration/security] 
2023-03-07 00:01:03.537 INFO [http-nio-8080-exec-3] com.maybank.assessment.service.LoggingService - log Response: RESPONSE  method = [GET] responseBody = [springfox.documentation.swagger.web.SecurityConfiguration@7b8aad11]
2023-03-07 00:01:03.544 INFO [http-nio-8080-exec-4] com.maybank.assessment.service.LoggingService - log Request: REQUEST method = [GET] path = [/swagger-resources] 
2023-03-07 00:01:03.548 INFO [http-nio-8080-exec-4] com.maybank.assessment.service.LoggingService - log Response: RESPONSE  method = [GET] responseBody = [[springfox.documentation.swagger.web.SwaggerResource@64b4e37b]]
2023-03-07 00:01:03.597 INFO [http-nio-8080-exec-5] com.maybank.assessment.service.LoggingService - log Request: REQUEST method = [GET] path = [/v2/api-docs] 
2023-03-07 00:01:03.870 INFO [http-nio-8080-exec-5] com.maybank.assessment.service.LoggingService - log Response: RESPONSE  method = [GET] responseBody = [springfox.documentation.spring.web.json.Json@3ea3995a]
2023-03-07 00:01:12.309 INFO [http-nio-8080-exec-6] com.maybank.assessment.service.LoggingService - log Request: REQUEST method = [GET] path = [/api/clients]  parameters = [{firstName=azli, size=10, page=0}] 
2023-03-07 00:01:12.333 INFO [http-nio-8080-exec-6] com.maybank.assessment.service.LoggingService - log Response: RESPONSE  method = [GET] responseBody = [null]
2023-03-07 00:03:53.865 INFO [http-nio-8080-exec-1] com.maybank.assessment.service.LoggingService - log Request: REQUEST method = [GET] path = [/swagger-ui/index.html] 
2023-03-07 00:03:54.016 INFO [http-nio-8080-exec-2] com.maybank.assessment.service.LoggingService - log Request: REQUEST method = [GET] path = [/swagger-resources/configuration/ui] 
2023-03-07 00:03:54.063 INFO [http-nio-8080-exec-2] com.maybank.assessment.service.LoggingService - log Response: RESPONSE  method = [GET] responseBody = [springfox.documentation.swagger.web.UiConfiguration@78a79fcb]
2023-03-07 00:03:54.085 INFO [http-nio-8080-exec-3] com.maybank.assessment.service.LoggingService - log Request: REQUEST method = [GET] path = [/swagger-resources/configuration/security] 
2023-03-07 00:03:54.092 INFO [http-nio-8080-exec-3] com.maybank.assessment.service.LoggingService - log Response: RESPONSE  method = [GET] responseBody = [springfox.documentation.swagger.web.SecurityConfiguration@4e774e78]
2023-03-07 00:03:54.097 INFO [http-nio-8080-exec-4] com.maybank.assessment.service.LoggingService - log Request: REQUEST method = [GET] path = [/swagger-resources] 
2023-03-07 00:03:54.100 INFO [http-nio-8080-exec-4] com.maybank.assessment.service.LoggingService - log Response: RESPONSE  method = [GET] responseBody = [[springfox.documentation.swagger.web.SwaggerResource@1d67d91a]]
2023-03-07 00:03:54.157 INFO [http-nio-8080-exec-5] com.maybank.assessment.service.LoggingService - log Request: REQUEST method = [GET] path = [/v2/api-docs] 
2023-03-07 00:03:54.367 INFO [http-nio-8080-exec-5] com.maybank.assessment.service.LoggingService - log Response: RESPONSE  method = [GET] responseBody = [springfox.documentation.spring.web.json.Json@36168c92]
2023-03-07 00:04:14.068 INFO [http-nio-8080-exec-6] com.maybank.assessment.service.LoggingService - log Request: REQUEST method = [GET] path = [/api/clients]  parameters = [{firstName=Azli, size=10, page=0}] 
2023-03-07 00:04:14.088 INFO [http-nio-8080-exec-6] com.maybank.assessment.service.LoggingService - log Response: RESPONSE  method = [GET] responseBody = [null]
2023-03-07 00:04:24.491 INFO [http-nio-8080-exec-7] com.maybank.assessment.service.LoggingService - log Request: REQUEST method = [GET] path = [/api/clients]  parameters = [{firstName=Azli, lastName=che, size=10, page=0}] 
2023-03-07 00:04:24.492 INFO [http-nio-8080-exec-7] com.maybank.assessment.service.LoggingService - log Response: RESPONSE  method = [GET] responseBody = [null]
2023-03-07 00:04:33.829 INFO [http-nio-8080-exec-8] com.maybank.assessment.service.LoggingService - log Request: REQUEST method = [GET] path = [/api/clients]  parameters = [{firstName=azli, lastName=che, size=10, page=0}] 
2023-03-07 00:04:33.831 INFO [http-nio-8080-exec-8] com.maybank.assessment.service.LoggingService - log Response: RESPONSE  method = [GET] responseBody = [null]
2023-03-07 00:04:41.336 INFO [http-nio-8080-exec-9] com.maybank.assessment.service.LoggingService - log Request: REQUEST method = [GET] path = [/api/clients]  parameters = [{lastName=che, size=10, page=0}] 
2023-03-07 00:04:41.338 INFO [http-nio-8080-exec-9] com.maybank.assessment.service.LoggingService - log Response: RESPONSE  method = [GET] responseBody = [null]
2023-03-07 00:06:46.944 INFO [http-nio-8080-exec-1] com.maybank.assessment.service.LoggingService - log Request: REQUEST method = [GET] path = [/swagger-ui/index.html] 
2023-03-07 00:06:47.088 INFO [http-nio-8080-exec-2] com.maybank.assessment.service.LoggingService - log Request: REQUEST method = [GET] path = [/swagger-resources/configuration/ui] 
2023-03-07 00:06:47.153 INFO [http-nio-8080-exec-2] com.maybank.assessment.service.LoggingService - log Response: RESPONSE  method = [GET] responseBody = [springfox.documentation.swagger.web.UiConfiguration@51866085]
2023-03-07 00:06:47.177 INFO [http-nio-8080-exec-3] com.maybank.assessment.service.LoggingService - log Request: REQUEST method = [GET] path = [/swagger-resources/configuration/security] 
2023-03-07 00:06:47.181 INFO [http-nio-8080-exec-3] com.maybank.assessment.service.LoggingService - log Response: RESPONSE  method = [GET] responseBody = [springfox.documentation.swagger.web.SecurityConfiguration@2d6794b0]
2023-03-07 00:06:47.186 INFO [http-nio-8080-exec-4] com.maybank.assessment.service.LoggingService - log Request: REQUEST method = [GET] path = [/swagger-resources] 
2023-03-07 00:06:47.199 INFO [http-nio-8080-exec-4] com.maybank.assessment.service.LoggingService - log Response: RESPONSE  method = [GET] responseBody = [[springfox.documentation.swagger.web.SwaggerResource@423c8cfd]]
2023-03-07 00:06:47.263 INFO [http-nio-8080-exec-5] com.maybank.assessment.service.LoggingService - log Request: REQUEST method = [GET] path = [/v2/api-docs] 
2023-03-07 00:06:47.418 INFO [http-nio-8080-exec-5] com.maybank.assessment.service.LoggingService - log Response: RESPONSE  method = [GET] responseBody = [springfox.documentation.spring.web.json.Json@5baf9667]
2023-03-07 00:06:56.458 INFO [http-nio-8080-exec-6] com.maybank.assessment.service.LoggingService - log Request: REQUEST method = [GET] path = [/api/clients]  parameters = [{firstName=azli, size=10, page=0}] 
2023-03-07 00:06:56.493 INFO [http-nio-8080-exec-6] com.maybank.assessment.service.LoggingService - log Response: RESPONSE  method = [GET] responseBody = [null]
2023-03-07 00:08:39.552 INFO [http-nio-8080-exec-1] com.maybank.assessment.service.LoggingService - log Request: REQUEST method = [GET] path = [/swagger-ui/index.html] 
2023-03-07 00:08:39.705 INFO [http-nio-8080-exec-2] com.maybank.assessment.service.LoggingService - log Request: REQUEST method = [GET] path = [/swagger-resources/configuration/ui] 
2023-03-07 00:08:39.750 INFO [http-nio-8080-exec-2] com.maybank.assessment.service.LoggingService - log Response: RESPONSE  method = [GET] responseBody = [springfox.documentation.swagger.web.UiConfiguration@16e66820]
2023-03-07 00:08:39.774 INFO [http-nio-8080-exec-3] com.maybank.assessment.service.LoggingService - log Request: REQUEST method = [GET] path = [/swagger-resources/configuration/security] 
2023-03-07 00:08:39.778 INFO [http-nio-8080-exec-3] com.maybank.assessment.service.LoggingService - log Response: RESPONSE  method = [GET] responseBody = [springfox.documentation.swagger.web.SecurityConfiguration@36640359]
2023-03-07 00:08:39.784 INFO [http-nio-8080-exec-4] com.maybank.assessment.service.LoggingService - log Request: REQUEST method = [GET] path = [/swagger-resources] 
2023-03-07 00:08:39.788 INFO [http-nio-8080-exec-4] com.maybank.assessment.service.LoggingService - log Response: RESPONSE  method = [GET] responseBody = [[springfox.documentation.swagger.web.SwaggerResource@4ade760c]]
2023-03-07 00:08:39.845 INFO [http-nio-8080-exec-5] com.maybank.assessment.service.LoggingService - log Request: REQUEST method = [GET] path = [/v2/api-docs] 
2023-03-07 00:08:40.049 INFO [http-nio-8080-exec-5] com.maybank.assessment.service.LoggingService - log Response: RESPONSE  method = [GET] responseBody = [springfox.documentation.spring.web.json.Json@33100464]
2023-03-07 00:08:47.307 INFO [http-nio-8080-exec-6] com.maybank.assessment.service.LoggingService - log Request: REQUEST method = [GET] path = [/api/clients]  parameters = [{firstName=azli, size=10, page=0}] 
2023-03-07 00:08:47.334 INFO [http-nio-8080-exec-6] com.maybank.assessment.service.LoggingService - log Response: RESPONSE  method = [GET] responseBody = [null]
2023-03-07 00:10:18.887 INFO [http-nio-8080-exec-1] com.maybank.assessment.service.LoggingService - log Request: REQUEST method = [GET] path = [/swagger-ui/index.html] 
2023-03-07 00:10:19.041 INFO [http-nio-8080-exec-2] com.maybank.assessment.service.LoggingService - log Request: REQUEST method = [GET] path = [/swagger-resources/configuration/ui] 
2023-03-07 00:10:19.091 INFO [http-nio-8080-exec-2] com.maybank.assessment.service.LoggingService - log Response: RESPONSE  method = [GET] responseBody = [springfox.documentation.swagger.web.UiConfiguration@75cac2bc]
2023-03-07 00:10:19.115 INFO [http-nio-8080-exec-3] com.maybank.assessment.service.LoggingService - log Request: REQUEST method = [GET] path = [/swagger-resources/configuration/security] 
2023-03-07 00:10:19.118 INFO [http-nio-8080-exec-3] com.maybank.assessment.service.LoggingService - log Response: RESPONSE  method = [GET] responseBody = [springfox.documentation.swagger.web.SecurityConfiguration@18567292]
2023-03-07 00:10:19.123 INFO [http-nio-8080-exec-4] com.maybank.assessment.service.LoggingService - log Request: REQUEST method = [GET] path = [/swagger-resources] 
2023-03-07 00:10:19.128 INFO [http-nio-8080-exec-4] com.maybank.assessment.service.LoggingService - log Response: RESPONSE  method = [GET] responseBody = [[springfox.documentation.swagger.web.SwaggerResource@11ca4f32]]
2023-03-07 00:10:19.195 INFO [http-nio-8080-exec-5] com.maybank.assessment.service.LoggingService - log Request: REQUEST method = [GET] path = [/v2/api-docs] 
2023-03-07 00:10:19.405 INFO [http-nio-8080-exec-5] com.maybank.assessment.service.LoggingService - log Response: RESPONSE  method = [GET] responseBody = [springfox.documentation.spring.web.json.Json@64a2740b]
2023-03-07 00:10:26.376 INFO [http-nio-8080-exec-6] com.maybank.assessment.service.LoggingService - log Request: REQUEST method = [GET] path = [/api/clients]  parameters = [{firstName=azli, size=10, page=0}] 
2023-03-07 00:10:26.410 INFO [http-nio-8080-exec-6] com.maybank.assessment.service.LoggingService - log Response: RESPONSE  method = [GET] responseBody = [null]
2023-03-07 00:12:30.054 INFO [http-nio-8080-exec-1] com.maybank.assessment.service.LoggingService - log Request: REQUEST method = [GET] path = [/swagger-ui/index.html] 
2023-03-07 00:12:30.202 INFO [http-nio-8080-exec-2] com.maybank.assessment.service.LoggingService - log Request: REQUEST method = [GET] path = [/swagger-resources/configuration/ui] 
2023-03-07 00:12:30.251 INFO [http-nio-8080-exec-2] com.maybank.assessment.service.LoggingService - log Response: RESPONSE  method = [GET] responseBody = [springfox.documentation.swagger.web.UiConfiguration@4434fe4]
2023-03-07 00:12:30.280 INFO [http-nio-8080-exec-3] com.maybank.assessment.service.LoggingService - log Request: REQUEST method = [GET] path = [/swagger-resources/configuration/security] 
2023-03-07 00:12:30.284 INFO [http-nio-8080-exec-3] com.maybank.assessment.service.LoggingService - log Response: RESPONSE  method = [GET] responseBody = [springfox.documentation.swagger.web.SecurityConfiguration@3b8bfd21]
2023-03-07 00:12:30.292 INFO [http-nio-8080-exec-4] com.maybank.assessment.service.LoggingService - log Request: REQUEST method = [GET] path = [/swagger-resources] 
2023-03-07 00:12:30.297 INFO [http-nio-8080-exec-4] com.maybank.assessment.service.LoggingService - log Response: RESPONSE  method = [GET] responseBody = [[springfox.documentation.swagger.web.SwaggerResource@126f18b3]]
2023-03-07 00:12:30.440 INFO [http-nio-8080-exec-5] com.maybank.assessment.service.LoggingService - log Request: REQUEST method = [GET] path = [/v2/api-docs] 
2023-03-07 00:12:30.585 INFO [http-nio-8080-exec-5] com.maybank.assessment.service.LoggingService - log Response: RESPONSE  method = [GET] responseBody = [springfox.documentation.spring.web.json.Json@28f23bc4]
2023-03-07 00:12:38.029 INFO [http-nio-8080-exec-6] com.maybank.assessment.service.LoggingService - log Request: REQUEST method = [GET] path = [/api/clients]  parameters = [{firstName=azli, size=10, page=0}] 
2023-03-07 00:12:38.055 INFO [http-nio-8080-exec-6] com.maybank.assessment.service.LoggingService - log Response: RESPONSE  method = [GET] responseBody = [null]
2023-03-07 00:13:09.928 INFO [http-nio-8080-exec-7] com.maybank.assessment.service.LoggingService - log Request: REQUEST method = [GET] path = [/api/clients]  parameters = [{firstName=azli, lastName=che ni, size=10, page=0}] 
2023-03-07 00:13:09.930 INFO [http-nio-8080-exec-7] com.maybank.assessment.service.LoggingService - log Response: RESPONSE  method = [GET] responseBody = [null]
2023-03-07 00:13:18.864 INFO [http-nio-8080-exec-8] com.maybank.assessment.service.LoggingService - log Request: REQUEST method = [GET] path = [/api/clients]  parameters = [{lastName=che ni, size=10, page=0}] 
2023-03-07 00:13:18.865 INFO [http-nio-8080-exec-8] com.maybank.assessment.service.LoggingService - log Response: RESPONSE  method = [GET] responseBody = [null]
2023-03-07 00:15:57.864 INFO [http-nio-8080-exec-1] com.maybank.assessment.service.LoggingService - log Request: REQUEST method = [GET] path = [/swagger-ui/index.html] 
2023-03-07 00:15:58.009 INFO [http-nio-8080-exec-2] com.maybank.assessment.service.LoggingService - log Request: REQUEST method = [GET] path = [/swagger-resources/configuration/ui] 
2023-03-07 00:15:58.058 INFO [http-nio-8080-exec-2] com.maybank.assessment.service.LoggingService - log Response: RESPONSE  method = [GET] responseBody = [springfox.documentation.swagger.web.UiConfiguration@78d56140]
2023-03-07 00:15:58.080 INFO [http-nio-8080-exec-3] com.maybank.assessment.service.LoggingService - log Request: REQUEST method = [GET] path = [/swagger-resources/configuration/security] 
2023-03-07 00:15:58.084 INFO [http-nio-8080-exec-3] com.maybank.assessment.service.LoggingService - log Response: RESPONSE  method = [GET] responseBody = [springfox.documentation.swagger.web.SecurityConfiguration@3530a648]
2023-03-07 00:15:58.090 INFO [http-nio-8080-exec-4] com.maybank.assessment.service.LoggingService - log Request: REQUEST method = [GET] path = [/swagger-resources] 
2023-03-07 00:15:58.093 INFO [http-nio-8080-exec-4] com.maybank.assessment.service.LoggingService - log Response: RESPONSE  method = [GET] responseBody = [[springfox.documentation.swagger.web.SwaggerResource@525af2f8]]
2023-03-07 00:15:58.158 INFO [http-nio-8080-exec-5] com.maybank.assessment.service.LoggingService - log Request: REQUEST method = [GET] path = [/v2/api-docs] 
2023-03-07 00:15:58.317 INFO [http-nio-8080-exec-5] com.maybank.assessment.service.LoggingService - log Response: RESPONSE  method = [GET] responseBody = [springfox.documentation.spring.web.json.Json@795a98c3]
2023-03-07 00:16:05.263 INFO [http-nio-8080-exec-6] com.maybank.assessment.service.LoggingService - log Request: REQUEST method = [GET] path = [/api/clients]  parameters = [{firstName=azli, size=10, page=0}] 
2023-03-07 00:16:05.465 INFO [http-nio-8080-exec-6] com.maybank.assessment.service.LoggingService - log Response: RESPONSE  method = [GET] responseBody = [{totalItems=1, clients=[Client(id=1, firstName=Mohd Azli, lastName=Che Ni, email=azlicn@gmail.com)], totalPages=1, currentPage=0}]
2023-03-07 00:16:17.039 INFO [http-nio-8080-exec-7] com.maybank.assessment.service.LoggingService - log Request: REQUEST method = [GET] path = [/api/clients]  parameters = [{firstName=azli, lastName=che ni, size=10, page=0}] 
2023-03-07 00:16:17.068 INFO [http-nio-8080-exec-7] com.maybank.assessment.service.LoggingService - log Response: RESPONSE  method = [GET] responseBody = [{totalItems=1, clients=[Client(id=1, firstName=Mohd Azli, lastName=Che Ni, email=azlicn@gmail.com)], totalPages=1, currentPage=0}]
2023-03-07 00:16:27.910 INFO [http-nio-8080-exec-8] com.maybank.assessment.service.LoggingService - log Request: REQUEST method = [GET] path = [/api/clients]  parameters = [{lastName=che ni, size=10, page=0}] 
2023-03-07 00:16:27.938 INFO [http-nio-8080-exec-8] com.maybank.assessment.service.LoggingService - log Response: RESPONSE  method = [GET] responseBody = [{totalItems=1, clients=[Client(id=1, firstName=Mohd Azli, lastName=Che Ni, email=azlicn@gmail.com)], totalPages=1, currentPage=0}]
2023-03-07 00:16:37.749 INFO [http-nio-8080-exec-9] com.maybank.assessment.service.LoggingService - log Request: REQUEST method = [GET] path = [/api/clients]  parameters = [{firstName=az, size=10, page=0}] 
2023-03-07 00:16:37.765 INFO [http-nio-8080-exec-9] com.maybank.assessment.service.LoggingService - log Response: RESPONSE  method = [GET] responseBody = [{totalItems=2, clients=[Client(id=1, firstName=Mohd Azli, lastName=Che Ni, email=azlicn@gmail.com), Client(id=10004, firstName=Azmi, lastName=Azhar, email=azmi@gmail.com)], totalPages=1, currentPage=0}]
2023-03-07 00:16:50.674 INFO [http-nio-8080-exec-10] com.maybank.assessment.service.LoggingService - log Request: REQUEST method = [GET] path = [/api/clients]  parameters = [{lastName=az, size=10, page=0}] 
2023-03-07 00:16:50.793 INFO [http-nio-8080-exec-10] com.maybank.assessment.service.LoggingService - log Response: RESPONSE  method = [GET] responseBody = [{totalItems=2, clients=[Client(id=3, firstName=Farah, lastName=Azlan, email=farah.azlan@gmail.com), Client(id=10004, firstName=Azmi, lastName=Azhar, email=azmi@gmail.com)], totalPages=1, currentPage=0}]
2023-03-07 00:30:06.907 INFO [http-nio-8080-exec-1] com.maybank.assessment.service.LoggingService - log Request: REQUEST method = [GET] path = [/api/clients] 
2023-03-07 00:30:07.138 INFO [http-nio-8080-exec-1] com.maybank.assessment.service.LoggingService - log Response: RESPONSE  method = [GET] responseBody = [{totalItems=5, clients=[Client(id=1, firstName=Mohd Azli, lastName=Che Ni, email=azlicn@gmail.com), Client(id=2, firstName=Amran, lastName=Ahmad, email=amran@gmail.com), Client(id=3, firstName=Farah, lastName=Azlan, email=farah.azlan@gmail.com), Client(id=10002, firstName=Abdul, lastName=Rahim, email=abdul.rahim@gmail.com), Client(id=10004, firstName=Azmi, lastName=Azhar, email=azmi@gmail.com)], totalPages=1, currentPage=0}]
2023-03-07 00:30:14.859 INFO [http-nio-8080-exec-3] com.maybank.assessment.service.LoggingService - log Request: REQUEST method = [GET] path = [/api/clients/1] 
2023-03-07 00:30:14.985 INFO [http-nio-8080-exec-3] com.maybank.assessment.service.LoggingService - log Response: RESPONSE  method = [GET] responseBody = [Client(id=1, firstName=Mohd Azli, lastName=Che Ni, email=azlicn@gmail.com)]
2023-03-07 07:01:56.878 INFO [http-nio-8080-exec-1] com.maybank.assessment.service.LoggingService - log Request: REQUEST method = [GET] path = [/swagger-ui/index.html] 
2023-03-07 07:01:57.019 INFO [http-nio-8080-exec-3] com.maybank.assessment.service.LoggingService - log Request: REQUEST method = [GET] path = [/swagger-ui/swagger-ui-bundle.js]  parameters = [{v=3.0.0}] 
2023-03-07 07:01:57.023 INFO [http-nio-8080-exec-5] com.maybank.assessment.service.LoggingService - log Request: REQUEST method = [GET] path = [/swagger-ui/swagger-ui-standalone-preset.js]  parameters = [{v=3.0.0}] 
2023-03-07 07:01:57.023 INFO [http-nio-8080-exec-6] com.maybank.assessment.service.LoggingService - log Request: REQUEST method = [GET] path = [/swagger-ui/springfox.css]  parameters = [{v=3.0.0}] 
2023-03-07 07:01:57.020 INFO [http-nio-8080-exec-4] com.maybank.assessment.service.LoggingService - log Request: REQUEST method = [GET] path = [/swagger-ui/springfox.js]  parameters = [{v=3.0.0}] 
2023-03-07 07:01:57.019 INFO [http-nio-8080-exec-2] com.maybank.assessment.service.LoggingService - log Request: REQUEST method = [GET] path = [/swagger-ui/swagger-ui.css]  parameters = [{v=3.0.0}] 
2023-03-07 07:01:57.472 INFO [http-nio-8080-exec-7] com.maybank.assessment.service.LoggingService - log Request: REQUEST method = [GET] path = [/swagger-resources/configuration/ui] 
2023-03-07 07:01:57.510 INFO [http-nio-8080-exec-8] com.maybank.assessment.service.LoggingService - log Request: REQUEST method = [GET] path = [/swagger-ui/favicon-32x32.png]  parameters = [{v=3.0.0}] 
2023-03-07 07:01:57.588 INFO [http-nio-8080-exec-7] com.maybank.assessment.service.LoggingService - log Response: RESPONSE  method = [GET] responseBody = [springfox.documentation.swagger.web.UiConfiguration@2b2a4faf]
2023-03-07 07:01:57.672 INFO [http-nio-8080-exec-9] com.maybank.assessment.service.LoggingService - log Request: REQUEST method = [GET] path = [/swagger-resources/configuration/security] 
2023-03-07 07:01:57.680 INFO [http-nio-8080-exec-9] com.maybank.assessment.service.LoggingService - log Response: RESPONSE  method = [GET] responseBody = [springfox.documentation.swagger.web.SecurityConfiguration@18567292]
2023-03-07 07:01:57.688 INFO [http-nio-8080-exec-10] com.maybank.assessment.service.LoggingService - log Request: REQUEST method = [GET] path = [/swagger-resources] 
2023-03-07 07:01:57.693 INFO [http-nio-8080-exec-10] com.maybank.assessment.service.LoggingService - log Response: RESPONSE  method = [GET] responseBody = [[springfox.documentation.swagger.web.SwaggerResource@6e59f9cc]]
2023-03-07 07:01:57.782 INFO [http-nio-8080-exec-1] com.maybank.assessment.service.LoggingService - log Request: REQUEST method = [GET] path = [/v2/api-docs] 
2023-03-07 07:01:57.988 INFO [http-nio-8080-exec-1] com.maybank.assessment.service.LoggingService - log Response: RESPONSE  method = [GET] responseBody = [springfox.documentation.spring.web.json.Json@38998c88]
